Record to /home/bvbd/vid/rec1/video%02d.mp4
Setting pipeline to PAUSED ...
Pipeline is live and does not need PREROLL ...
Progress: (open) Opening Stream
Progress: (connect) Connecting to rtsp://admin:123456@10.4.1.233/profile1
Progress: (open) Retrieving server options
Progress: (open) Retrieving media info
Progress: (request) SETUP stream 0
Progress: (open) Opened Stream
Setting pipeline to PLAYING ...
New clock: GstSystemClock
Progress: (request) Sending PLAY request
Progress: (request) Sending PLAY request
Progress: (request) Sent PLAY request
Redistribute latency...
handling interrupt.
Interrupt: Stopping pipeline ...
EOS on shutdown enabled -- Forcing EOS on the pipeline
Waiting for EOS...
Got EOS from element "pipeline0".
EOS received - stopping pipeline...
Execution ended after 0:00:06.160508683
Setting pipeline to PAUSED ...
Setting pipeline to READY ...
Setting pipeline to NULL ...
Freeing pipeline ...
